Loading data succeeded
Whitened data
Unpacked data
Patch size: 	60
Learning rate: 	0.010000 (before adjustment for rmsprop)
Momentum: 	0.7
... building the model
... training
0
training @ iter =  0
Cost @ iter 0: 0.693147
Cost @ iter 1: 0.672622
Cost @ iter 2: 0.582741
Cost @ iter 3: 0.439476
Cost @ iter 4: 0.349669
Cost @ iter 5: 0.302589
Cost @ iter 6: 0.251561
Cost @ iter 7: 0.208573
Cost @ iter 8: 0.285516
Cost @ iter 9: 0.273352
Cost @ iter 10: 0.187699
Cost @ iter 11: 0.228044
Cost @ iter 12: 0.245995
Cost @ iter 13: 0.213305
Cost @ iter 14: 0.193353
Cost @ iter 15: 0.209595
Cost @ iter 16: 0.188513
Cost @ iter 17: 0.181834
Cost @ iter 18: 0.232781
Cost @ iter 19: 0.210051
Cost @ iter 20: 0.193597
Cost @ iter 21: 0.175685
Cost @ iter 22: 0.144062
Cost @ iter 23: 0.147836
Cost @ iter 24: 0.169263
Cost @ iter 25: 0.177455
Cost @ iter 26: 0.141412
Cost @ iter 27: 0.175608
Cost @ iter 28: 0.128329
Cost @ iter 29: 0.152359
Cost @ iter 30: 0.155536
Cost @ iter 31: 0.124545
Cost @ iter 32: 0.154422
Cost @ iter 33: 0.111780
Cost @ iter 34: 0.149143
Cost @ iter 35: 0.157057
Cost @ iter 36: 0.118636
Cost @ iter 37: 0.138137
Cost @ iter 38: 0.156292
Cost @ iter 39: 0.139385
Cost @ iter 40: 0.122626
Cost @ iter 41: 0.133928
Cost @ iter 42: 0.131069
Cost @ iter 43: 0.107858
Cost @ iter 44: 0.157803
Cost @ iter 45: 0.119205
Cost @ iter 46: 0.116864
Cost @ iter 47: 0.122131
Cost @ iter 48: 0.134398
Cost @ iter 49: 0.119869
Cost @ iter 50: 0.119050
Cost @ iter 51: 0.100106
Cost @ iter 52: 0.128724
Cost @ iter 53: 0.107604
Cost @ iter 54: 0.135218
Cost @ iter 55: 0.119706
Cost @ iter 56: 0.103869
Cost @ iter 57: 0.138782
Cost @ iter 58: 0.124646
Cost @ iter 59: 0.071361
Cost @ iter 60: 0.108809
Cost @ iter 61: 0.091775
Cost @ iter 62: 0.098985
Cost @ iter 63: 0.129171
epoch 1, minibatch 64/64, validation error 4.600000 %
     epoch 1, minibatch 64/64, test error of best model 4.647619 %
1
Cost @ iter 64: 0.107031
Cost @ iter 65: 0.106425
Cost @ iter 66: 0.098239
Cost @ iter 67: 0.121783
Cost @ iter 68: 0.113119
Cost @ iter 69: 0.089108
Cost @ iter 70: 0.082381
Cost @ iter 71: 0.105658
Cost @ iter 72: 0.108958
Cost @ iter 73: 0.114158
Cost @ iter 74: 0.069238
Cost @ iter 75: 0.129211
Cost @ iter 76: 0.109659
Cost @ iter 77: 0.107495
Cost @ iter 78: 0.098993
Cost @ iter 79: 0.095002
Cost @ iter 80: 0.094960
Cost @ iter 81: 0.097116
Cost @ iter 82: 0.105368
Cost @ iter 83: 0.098428
Cost @ iter 84: 0.088796
Cost @ iter 85: 0.101792
Cost @ iter 86: 0.060789
Cost @ iter 87: 0.063464
Cost @ iter 88: 0.087116
Cost @ iter 89: 0.102508
Cost @ iter 90: 0.076419
Cost @ iter 91: 0.097219
Cost @ iter 92: 0.067760
Cost @ iter 93: 0.077861
Cost @ iter 94: 0.083381
Cost @ iter 95: 0.073932
Cost @ iter 96: 0.090241
Cost @ iter 97: 0.058703
Cost @ iter 98: 0.081106
Cost @ iter 99: 0.106768
training @ iter =  100
Cost @ iter 100: 0.067758
Cost @ iter 101: 0.083762
Cost @ iter 102: 0.087967
Cost @ iter 103: 0.084125
Cost @ iter 104: 0.065707
Cost @ iter 105: 0.095274
Cost @ iter 106: 0.068266
Cost @ iter 107: 0.077940
Cost @ iter 108: 0.102327
Cost @ iter 109: 0.065554
Cost @ iter 110: 0.090041
Cost @ iter 111: 0.082251
Cost @ iter 112: 0.089493
Cost @ iter 113: 0.070836
Cost @ iter 114: 0.074333
Cost @ iter 115: 0.063727
Cost @ iter 116: 0.071508
Cost @ iter 117: 0.067602
Cost @ iter 118: 0.083398
Cost @ iter 119: 0.063665
Cost @ iter 120: 0.074665
Cost @ iter 121: 0.100082
Cost @ iter 122: 0.088343
Cost @ iter 123: 0.039898
Cost @ iter 124: 0.074419
Cost @ iter 125: 0.056701
Cost @ iter 126: 0.058220
Cost @ iter 127: 0.076921
epoch 2, minibatch 64/64, validation error 3.504762 %
     epoch 2, minibatch 64/64, test error of best model 3.619048 %
2
Cost @ iter 128: 0.085936
Cost @ iter 129: 0.066642
Cost @ iter 130: 0.076448
Cost @ iter 131: 0.079801
Cost @ iter 132: 0.073118
Cost @ iter 133: 0.050250
Cost @ iter 134: 0.059104
Cost @ iter 135: 0.065894
Cost @ iter 136: 0.079344
Cost @ iter 137: 0.066121
Cost @ iter 138: 0.045859
Cost @ iter 139: 0.086957
Cost @ iter 140: 0.071488
Cost @ iter 141: 0.068361
Cost @ iter 142: 0.064423
Cost @ iter 143: 0.060054
Cost @ iter 144: 0.058759
Cost @ iter 145: 0.072640
Cost @ iter 146: 0.069393
Cost @ iter 147: 0.073669
Cost @ iter 148: 0.057391
Cost @ iter 149: 0.077797
Cost @ iter 150: 0.040545
Cost @ iter 151: 0.038370
Cost @ iter 152: 0.054317
Cost @ iter 153: 0.074651
Cost @ iter 154: 0.057587
Cost @ iter 155: 0.057415
Cost @ iter 156: 0.048438
Cost @ iter 157: 0.049703
Cost @ iter 158: 0.060534
Cost @ iter 159: 0.057072
Cost @ iter 160: 0.073303
Cost @ iter 161: 0.040240
Cost @ iter 162: 0.052146
Cost @ iter 163: 0.077917
Cost @ iter 164: 0.053628
Cost @ iter 165: 0.057384
Cost @ iter 166: 0.063731
Cost @ iter 167: 0.064445
Cost @ iter 168: 0.044841
Cost @ iter 169: 0.069619
Cost @ iter 170: 0.043869
Cost @ iter 171: 0.057723
Cost @ iter 172: 0.074617
Cost @ iter 173: 0.045134
Cost @ iter 174: 0.068690
Cost @ iter 175: 0.056281
Cost @ iter 176: 0.066776
Cost @ iter 177: 0.045817
Cost @ iter 178: 0.051545
Cost @ iter 179: 0.039528
Cost @ iter 180: 0.044176
Cost @ iter 181: 0.045372
Cost @ iter 182: 0.060908
Cost @ iter 183: 0.041259
Cost @ iter 184: 0.055653
Cost @ iter 185: 0.070331
Cost @ iter 186: 0.065954
Cost @ iter 187: 0.026827
Cost @ iter 188: 0.052426
Cost @ iter 189: 0.037590
Cost @ iter 190: 0.037938
Cost @ iter 191: 0.052105
epoch 3, minibatch 64/64, validation error 2.495238 %
     epoch 3, minibatch 64/64, test error of best model 2.495238 %
3
Cost @ iter 192: 0.061904
Cost @ iter 193: 0.050937
Cost @ iter 194: 0.055254
Cost @ iter 195: 0.058741
Cost @ iter 196: 0.046092
Cost @ iter 197: 0.031849
Cost @ iter 198: 0.041048
Cost @ iter 199: 0.044766
training @ iter =  200
Cost @ iter 200: 0.064124
Cost @ iter 201: 0.045155
Cost @ iter 202: 0.031869
Cost @ iter 203: 0.064376
Cost @ iter 204: 0.050814
Cost @ iter 205: 0.049006
Cost @ iter 206: 0.043916
Cost @ iter 207: 0.040980
Cost @ iter 208: 0.036389
Cost @ iter 209: 0.052335
Cost @ iter 210: 0.045823
Cost @ iter 211: 0.053615
Cost @ iter 212: 0.043442
Cost @ iter 213: 0.060233
Cost @ iter 214: 0.025795
Cost @ iter 215: 0.022784
Cost @ iter 216: 0.034536
Cost @ iter 217: 0.052931
Cost @ iter 218: 0.043417
Cost @ iter 219: 0.038327
Cost @ iter 220: 0.037785
Cost @ iter 221: 0.033464
Cost @ iter 222: 0.047732
Cost @ iter 223: 0.042164
Cost @ iter 224: 0.062215
Cost @ iter 225: 0.024068
Cost @ iter 226: 0.037200
Cost @ iter 227: 0.058577
Cost @ iter 228: 0.036484
Cost @ iter 229: 0.038342
Cost @ iter 230: 0.044404
Cost @ iter 231: 0.051442
Cost @ iter 232: 0.033660
Cost @ iter 233: 0.047875
Cost @ iter 234: 0.030261
Cost @ iter 235: 0.043929
Cost @ iter 236: 0.053448
Cost @ iter 237: 0.031083
Cost @ iter 238: 0.051391
Cost @ iter 239: 0.043474
Cost @ iter 240: 0.050365
Cost @ iter 241: 0.031232
Cost @ iter 242: 0.034690
Cost @ iter 243: 0.024669
Cost @ iter 244: 0.026700
Cost @ iter 245: 0.030698
Cost @ iter 246: 0.043598
Cost @ iter 247: 0.026091
Cost @ iter 248: 0.043543
Cost @ iter 249: 0.048081
Cost @ iter 250: 0.053220
Cost @ iter 251: 0.020293
Cost @ iter 252: 0.040129
Cost @ iter 253: 0.028614
Cost @ iter 254: 0.028599
Cost @ iter 255: 0.036503
epoch 4, minibatch 64/64, validation error 1.933333 %
     epoch 4, minibatch 64/64, test error of best model 1.838095 %
4
Cost @ iter 256: 0.045657
Cost @ iter 257: 0.038726
Cost @ iter 258: 0.038987
Cost @ iter 259: 0.044454
Cost @ iter 260: 0.033033
Cost @ iter 261: 0.018346
Cost @ iter 262: 0.026405
Cost @ iter 263: 0.029937
Cost @ iter 264: 0.051336
Cost @ iter 265: 0.030928
Cost @ iter 266: 0.023156
Cost @ iter 267: 0.047832
Cost @ iter 268: 0.036198
Cost @ iter 269: 0.036801
Cost @ iter 270: 0.028971
Cost @ iter 271: 0.027214
Cost @ iter 272: 0.023991
Cost @ iter 273: 0.033972
Cost @ iter 274: 0.032123
Cost @ iter 275: 0.037433
Cost @ iter 276: 0.033167
Cost @ iter 277: 0.042985
Cost @ iter 278: 0.017164
Cost @ iter 279: 0.014128
Cost @ iter 280: 0.022106
Cost @ iter 281: 0.036477
Cost @ iter 282: 0.030697
Cost @ iter 283: 0.029877
Cost @ iter 284: 0.031170
Cost @ iter 285: 0.027303
Cost @ iter 286: 0.037811
Cost @ iter 287: 0.029713
Cost @ iter 288: 0.045814
Cost @ iter 289: 0.015132
Cost @ iter 290: 0.024585
Cost @ iter 291: 0.041856
Cost @ iter 292: 0.027356
Cost @ iter 293: 0.025555
Cost @ iter 294: 0.037667
Cost @ iter 295: 0.038562
Cost @ iter 296: 0.023576
Cost @ iter 297: 0.031819
Cost @ iter 298: 0.021423
Cost @ iter 299: 0.035795
training @ iter =  300
Cost @ iter 300: 0.038361
Cost @ iter 301: 0.018834
Cost @ iter 302: 0.041641
Cost @ iter 303: 0.037313
Cost @ iter 304: 0.036755
Cost @ iter 305: 0.024114
Cost @ iter 306: 0.024280
Cost @ iter 307: 0.017170
Cost @ iter 308: 0.017846
Cost @ iter 309: 0.020693
Cost @ iter 310: 0.031905
Cost @ iter 311: 0.015567
Cost @ iter 312: 0.034045
Cost @ iter 313: 0.032561
Cost @ iter 314: 0.034576
Cost @ iter 315: 0.014688
Cost @ iter 316: 0.030351
Cost @ iter 317: 0.020955
Cost @ iter 318: 0.023439
Cost @ iter 319: 0.026201
epoch 5, minibatch 64/64, validation error 1.523810 %
     epoch 5, minibatch 64/64, test error of best model 1.580952 %
5
Cost @ iter 320: 0.035248
Cost @ iter 321: 0.029278
Cost @ iter 322: 0.026157
Cost @ iter 323: 0.033345
Cost @ iter 324: 0.025016
Cost @ iter 325: 0.011512
Cost @ iter 326: 0.017461
Cost @ iter 327: 0.021356
Cost @ iter 328: 0.039625
Cost @ iter 329: 0.021546
Cost @ iter 330: 0.018160
Cost @ iter 331: 0.037097
Cost @ iter 332: 0.027809
Cost @ iter 333: 0.027502
Cost @ iter 334: 0.019707
Cost @ iter 335: 0.016674
Cost @ iter 336: 0.015555
Cost @ iter 337: 0.022623
Cost @ iter 338: 0.025372
Cost @ iter 339: 0.027376
Cost @ iter 340: 0.025730
Cost @ iter 341: 0.027111
Cost @ iter 342: 0.011558
Cost @ iter 343: 0.009839
Cost @ iter 344: 0.014553
Cost @ iter 345: 0.022219
Cost @ iter 346: 0.022193
Cost @ iter 347: 0.021243
Cost @ iter 348: 0.019648
Cost @ iter 349: 0.022123
Cost @ iter 350: 0.023942
Cost @ iter 351: 0.023127
Cost @ iter 352: 0.030879
Cost @ iter 353: 0.009142
Cost @ iter 354: 0.017153
Cost @ iter 355: 0.030058
Cost @ iter 356: 0.024139
Cost @ iter 357: 0.015249
Cost @ iter 358: 0.034679
Cost @ iter 359: 0.024307
Cost @ iter 360: 0.022174
Cost @ iter 361: 0.020441
Cost @ iter 362: 0.016676
Cost @ iter 363: 0.028913
Cost @ iter 364: 0.031564
Cost @ iter 365: 0.013205
Cost @ iter 366: 0.031762
Cost @ iter 367: 0.034649
Cost @ iter 368: 0.025422
Cost @ iter 369: 0.020435
Cost @ iter 370: 0.017623
Cost @ iter 371: 0.011500
Cost @ iter 372: 0.014963
Cost @ iter 373: 0.014275
Cost @ iter 374: 0.025809
Cost @ iter 375: 0.013993
Cost @ iter 376: 0.025287
Cost @ iter 377: 0.027647
Cost @ iter 378: 0.022120
Cost @ iter 379: 0.013269
Cost @ iter 380: 0.019944
Cost @ iter 381: 0.016219
Cost @ iter 382: 0.021264
Cost @ iter 383: 0.019940
epoch 6, minibatch 64/64, validation error 1.323810 %
     epoch 6, minibatch 64/64, test error of best model 1.533333 %
6
Cost @ iter 384: 0.028516
Cost @ iter 385: 0.018246
Cost @ iter 386: 0.022023
Cost @ iter 387: 0.021526
Cost @ iter 388: 0.018345
Cost @ iter 389: 0.009098
Cost @ iter 390: 0.012408
Cost @ iter 391: 0.019190
Cost @ iter 392: 0.025199
Cost @ iter 393: 0.022769
Cost @ iter 394: 0.011865
Cost @ iter 395: 0.038041
Cost @ iter 396: 0.016476
Cost @ iter 397: 0.023331
Cost @ iter 398: 0.014231
Cost @ iter 399: 0.011597
training @ iter =  400
Cost @ iter 400: 0.016299
Cost @ iter 401: 0.014905
Cost @ iter 402: 0.018957
Cost @ iter 403: 0.021288
Cost @ iter 404: 0.013568
Cost @ iter 405: 0.020642
Cost @ iter 406: 0.008232
Cost @ iter 407: 0.010803
Cost @ iter 408: 0.008528
Cost @ iter 409: 0.014495
Cost @ iter 410: 0.015630
Cost @ iter 411: 0.012905
Cost @ iter 412: 0.010792
Cost @ iter 413: 0.012440
Cost @ iter 414: 0.013642
Cost @ iter 415: 0.018377
Cost @ iter 416: 0.019092
Cost @ iter 417: 0.005602
Cost @ iter 418: 0.012271
Cost @ iter 419: 0.020915
Cost @ iter 420: 0.025015
Cost @ iter 421: 0.008837
Cost @ iter 422: 0.030482
Cost @ iter 423: 0.016790
Cost @ iter 424: 0.019166
Cost @ iter 425: 0.016799
Cost @ iter 426: 0.010195
Cost @ iter 427: 0.028323
Cost @ iter 428: 0.026802
Cost @ iter 429: 0.014420
Cost @ iter 430: 0.019573
Cost @ iter 431: 0.024769
Cost @ iter 432: 0.022947
Cost @ iter 433: 0.011578
Cost @ iter 434: 0.020055
Cost @ iter 435: 0.006094
Cost @ iter 436: 0.010478
Cost @ iter 437: 0.015476
Cost @ iter 438: 0.017500
Cost @ iter 439: 0.019005
Cost @ iter 440: 0.020284
Cost @ iter 441: 0.025667
Cost @ iter 442: 0.016924
Cost @ iter 443: 0.015040
Cost @ iter 444: 0.016086
Cost @ iter 445: 0.009040
Cost @ iter 446: 0.019997
Cost @ iter 447: 0.023332
epoch 7, minibatch 64/64, validation error 1.180952 %
     epoch 7, minibatch 64/64, test error of best model 1.333333 %
7
Cost @ iter 448: 0.019541
Cost @ iter 449: 0.023874
Cost @ iter 450: 0.013287
Cost @ iter 451: 0.025530
Cost @ iter 452: 0.015582
Cost @ iter 453: 0.010900
Cost @ iter 454: 0.010657
Cost @ iter 455: 0.010162
Cost @ iter 456: 0.021430
Cost @ iter 457: 0.012015
Cost @ iter 458: 0.009549
Cost @ iter 459: 0.015434
Cost @ iter 460: 0.013057
Cost @ iter 461: 0.017153
Cost @ iter 462: 0.011706
Cost @ iter 463: 0.011215
Cost @ iter 464: 0.011082
Cost @ iter 465: 0.014088
Cost @ iter 466: 0.014838
Cost @ iter 467: 0.014406
Cost @ iter 468: 0.015008
Cost @ iter 469: 0.013386
Cost @ iter 470: 0.005144
Cost @ iter 471: 0.007509
Cost @ iter 472: 0.007058
Cost @ iter 473: 0.008704
Cost @ iter 474: 0.011728
Cost @ iter 475: 0.008788
Cost @ iter 476: 0.005747
Cost @ iter 477: 0.006141
Cost @ iter 478: 0.009769
Cost @ iter 479: 0.011491
Cost @ iter 480: 0.010779
Cost @ iter 481: 0.003964
Cost @ iter 482: 0.008555
Cost @ iter 483: 0.015695
Cost @ iter 484: 0.018479
Cost @ iter 485: 0.006421
Cost @ iter 486: 0.015878
Cost @ iter 487: 0.011460
Cost @ iter 488: 0.008741
Cost @ iter 489: 0.020958
Cost @ iter 490: 0.006087
Cost @ iter 491: 0.023489
Cost @ iter 492: 0.023915
Cost @ iter 493: 0.009678
Cost @ iter 494: 0.014463
Cost @ iter 495: 0.015075
Cost @ iter 496: 0.016658
Cost @ iter 497: 0.009307
Cost @ iter 498: 0.010037
Cost @ iter 499: 0.006183
training @ iter =  500
Cost @ iter 500: 0.006760
Cost @ iter 501: 0.010421
Cost @ iter 502: 0.019380
Cost @ iter 503: 0.010570
Cost @ iter 504: 0.022082
Cost @ iter 505: 0.016312
Cost @ iter 506: 0.013858
Cost @ iter 507: 0.007939
Cost @ iter 508: 0.012802
Cost @ iter 509: 0.006607
Cost @ iter 510: 0.010874
Cost @ iter 511: 0.013149
epoch 8, minibatch 64/64, validation error 0.933333 %
     epoch 8, minibatch 64/64, test error of best model 1.038095 %
8
Cost @ iter 512: 0.013238
Cost @ iter 513: 0.013427
Cost @ iter 514: 0.008646
Cost @ iter 515: 0.012845
Cost @ iter 516: 0.012171
Cost @ iter 517: 0.004991
Cost @ iter 518: 0.006156
Cost @ iter 519: 0.006578
Cost @ iter 520: 0.011571
Cost @ iter 521: 0.006703
Cost @ iter 522: 0.005913
Cost @ iter 523: 0.010941
Cost @ iter 524: 0.007383
Cost @ iter 525: 0.011728
Cost @ iter 526: 0.007910
Cost @ iter 527: 0.006251
Cost @ iter 528: 0.008498
Cost @ iter 529: 0.008565
Cost @ iter 530: 0.010911
Cost @ iter 531: 0.010045
Cost @ iter 532: 0.010903
Cost @ iter 533: 0.009881
Cost @ iter 534: 0.003616
Cost @ iter 535: 0.004424
Cost @ iter 536: 0.004580
Cost @ iter 537: 0.005854
Cost @ iter 538: 0.009554
Cost @ iter 539: 0.006810
Cost @ iter 540: 0.004403
Cost @ iter 541: 0.004278
Cost @ iter 542: 0.005700
Cost @ iter 543: 0.006828
Cost @ iter 544: 0.006822
Cost @ iter 545: 0.003233
Cost @ iter 546: 0.004042
Cost @ iter 547: 0.012652
Cost @ iter 548: 0.008959
Cost @ iter 549: 0.005685
Cost @ iter 550: 0.008690
Cost @ iter 551: 0.006979
Cost @ iter 552: 0.006601
Cost @ iter 553: 0.012348
Cost @ iter 554: 0.004724
Cost @ iter 555: 0.010183
Cost @ iter 556: 0.014492
Cost @ iter 557: 0.005359
Cost @ iter 558: 0.010536
Cost @ iter 559: 0.010120
Cost @ iter 560: 0.010523
Cost @ iter 561: 0.005726
Cost @ iter 562: 0.005966
Cost @ iter 563: 0.004834
Cost @ iter 564: 0.004834
Cost @ iter 565: 0.005392
Cost @ iter 566: 0.012026
Cost @ iter 567: 0.004998
Cost @ iter 568: 0.012254
Cost @ iter 569: 0.011644
Cost @ iter 570: 0.007375
Cost @ iter 571: 0.008072
Cost @ iter 572: 0.007829
Cost @ iter 573: 0.004398
Cost @ iter 574: 0.006191
Cost @ iter 575: 0.006886
epoch 9, minibatch 64/64, validation error 1.038095 %
9
Cost @ iter 576: 0.009297
Cost @ iter 577: 0.005568
Cost @ iter 578: 0.008862
Cost @ iter 579: 0.007479
Cost @ iter 580: 0.008532
Cost @ iter 581: 0.003627
Cost @ iter 582: 0.004097
Cost @ iter 583: 0.005814
Cost @ iter 584: 0.007213
Cost @ iter 585: 0.004542
Cost @ iter 586: 0.003771
Cost @ iter 587: 0.007361
Cost @ iter 588: 0.005162
Cost @ iter 589: 0.007618
Cost @ iter 590: 0.003858
Cost @ iter 591: 0.004877
Cost @ iter 592: 0.005275
Cost @ iter 593: 0.005126
Cost @ iter 594: 0.007088
Cost @ iter 595: 0.006249
Cost @ iter 596: 0.009541
Cost @ iter 597: 0.006605
Cost @ iter 598: 0.002605
Cost @ iter 599: 0.002625
training @ iter =  600
Cost @ iter 600: 0.002995
Cost @ iter 601: 0.003822
Cost @ iter 602: 0.006729
Cost @ iter 603: 0.004123
Cost @ iter 604: 0.002971
Cost @ iter 605: 0.002476
Cost @ iter 606: 0.003849
Cost @ iter 607: 0.003886
Cost @ iter 608: 0.004875
Cost @ iter 609: 0.002922
Cost @ iter 610: 0.002854
Cost @ iter 611: 0.009438
Cost @ iter 612: 0.003736
Cost @ iter 613: 0.004904
Cost @ iter 614: 0.005155
Cost @ iter 615: 0.004603
Cost @ iter 616: 0.007760
Cost @ iter 617: 0.004668
Cost @ iter 618: 0.010972
Cost @ iter 619: 0.003742
Cost @ iter 620: 0.016685
Cost @ iter 621: 0.003270
Cost @ iter 622: 0.006541
Cost @ iter 623: 0.013491
Cost @ iter 624: 0.004123
Cost @ iter 625: 0.007188
Cost @ iter 626: 0.004272
Cost @ iter 627: 0.002586
Cost @ iter 628: 0.005469
Cost @ iter 629: 0.002605
Cost @ iter 630: 0.008754
Cost @ iter 631: 0.003909
Cost @ iter 632: 0.007486
Cost @ iter 633: 0.011893
Cost @ iter 634: 0.004645
Cost @ iter 635: 0.006650
Cost @ iter 636: 0.006854
Cost @ iter 637: 0.003052
Cost @ iter 638: 0.003002
Cost @ iter 639: 0.006868
epoch 10, minibatch 64/64, validation error 0.990476 %
10
Cost @ iter 640: 0.004697
Cost @ iter 641: 0.006002
Cost @ iter 642: 0.003822
Cost @ iter 643: 0.009163
Cost @ iter 644: 0.003023
Cost @ iter 645: 0.005969
Cost @ iter 646: 0.005444
Cost @ iter 647: 0.004473
Cost @ iter 648: 0.017737
Cost @ iter 649: 0.003686
Cost @ iter 650: 0.005057
Cost @ iter 651: 0.017853
Cost @ iter 652: 0.006731
Cost @ iter 653: 0.005964
Cost @ iter 654: 0.003034
Cost @ iter 655: 0.003829
Cost @ iter 656: 0.002631
Cost @ iter 657: 0.004277
Cost @ iter 658: 0.008786
Cost @ iter 659: 0.004539
Cost @ iter 660: 0.004774
Cost @ iter 661: 0.008533
Cost @ iter 662: 0.001851
Cost @ iter 663: 0.002823
Cost @ iter 664: 0.004257
Cost @ iter 665: 0.005057
Cost @ iter 666: 0.005652
Cost @ iter 667: 0.003575
Cost @ iter 668: 0.003635
Cost @ iter 669: 0.002641
Cost @ iter 670: 0.002432
Cost @ iter 671: 0.009789
Cost @ iter 672: 0.003033
Cost @ iter 673: 0.005422
Cost @ iter 674: 0.013397
Cost @ iter 675: 0.008399
Cost @ iter 676: 0.006339
Cost @ iter 677: 0.004675
Cost @ iter 678: 0.004716
Cost @ iter 679: 0.007572
Cost @ iter 680: 0.002249
Cost @ iter 681: 0.011383
Cost @ iter 682: 0.002114
Cost @ iter 683: 0.005690
Cost @ iter 684: 0.006432
Cost @ iter 685: 0.002528
Cost @ iter 686: 0.005154
Cost @ iter 687: 0.008724
Cost @ iter 688: 0.002960
Cost @ iter 689: 0.002736
Cost @ iter 690: 0.003208
Cost @ iter 691: 0.001512
Cost @ iter 692: 0.002081
Cost @ iter 693: 0.002339
Cost @ iter 694: 0.004573
Cost @ iter 695: 0.001636
Cost @ iter 696: 0.003147
Cost @ iter 697: 0.006471
Cost @ iter 698: 0.002430
Cost @ iter 699: 0.002181
training @ iter =  700
Cost @ iter 700: 0.003239
Cost @ iter 701: 0.003258
Cost @ iter 702: 0.002710
Cost @ iter 703: 0.002808
epoch 11, minibatch 64/64, validation error 0.885714 %
     epoch 11, minibatch 64/64, test error of best model 0.828571 %
11
Cost @ iter 704: 0.006238
Cost @ iter 705: 0.001715
Cost @ iter 706: 0.005965
Cost @ iter 707: 0.002765
Cost @ iter 708: 0.003575
Cost @ iter 709: 0.002679
Cost @ iter 710: 0.003214
Cost @ iter 711: 0.004758
Cost @ iter 712: 0.002806
Cost @ iter 713: 0.006332
Cost @ iter 714: 0.001315
Cost @ iter 715: 0.003778
Cost @ iter 716: 0.006589
Cost @ iter 717: 0.002638
Cost @ iter 718: 0.004144
Cost @ iter 719: 0.003865
Cost @ iter 720: 0.003759
Cost @ iter 721: 0.003187
Cost @ iter 722: 0.004676
Cost @ iter 723: 0.002449
Cost @ iter 724: 0.003221
Cost @ iter 725: 0.003980
Cost @ iter 726: 0.001115
Cost @ iter 727: 0.001774
Cost @ iter 728: 0.001676
Cost @ iter 729: 0.002243
Cost @ iter 730: 0.003179
Cost @ iter 731: 0.003009
Cost @ iter 732: 0.002183
Cost @ iter 733: 0.002231
Cost @ iter 734: 0.001979
Cost @ iter 735: 0.003389
Cost @ iter 736: 0.001892
Cost @ iter 737: 0.001078
Cost @ iter 738: 0.003510
Cost @ iter 739: 0.002638
Cost @ iter 740: 0.001719
Cost @ iter 741: 0.002236
Cost @ iter 742: 0.002636
Cost @ iter 743: 0.005515
Cost @ iter 744: 0.001435
Cost @ iter 745: 0.005563
Cost @ iter 746: 0.002076
Cost @ iter 747: 0.004085
Cost @ iter 748: 0.003594
Cost @ iter 749: 0.001716
Cost @ iter 750: 0.001836
Cost @ iter 751: 0.005335
Cost @ iter 752: 0.002441
Cost @ iter 753: 0.001690
Cost @ iter 754: 0.002267
Cost @ iter 755: 0.001025
Cost @ iter 756: 0.001077
Cost @ iter 757: 0.001195
Cost @ iter 758: 0.001789
Cost @ iter 759: 0.001081
Cost @ iter 760: 0.002674
Cost @ iter 761: 0.002580
Cost @ iter 762: 0.002166
Cost @ iter 763: 0.001449
Cost @ iter 764: 0.001573
Cost @ iter 765: 0.003165
Cost @ iter 766: 0.001110
Cost @ iter 767: 0.002566
epoch 12, minibatch 64/64, validation error 0.800000 %
     epoch 12, minibatch 64/64, test error of best model 0.800000 %
12
Cost @ iter 768: 0.001540
Cost @ iter 769: 0.001350
Cost @ iter 770: 0.002042
Cost @ iter 771: 0.001865
Cost @ iter 772: 0.002041
Cost @ iter 773: 0.000919
Cost @ iter 774: 0.001184
Cost @ iter 775: 0.001767
Cost @ iter 776: 0.002547
Cost @ iter 777: 0.004068
Cost @ iter 778: 0.002361
Cost @ iter 779: 0.003005
Cost @ iter 780: 0.003540
Cost @ iter 781: 0.002391
Cost @ iter 782: 0.002701
Cost @ iter 783: 0.005808
Cost @ iter 784: 0.002271
Cost @ iter 785: 0.003359
Cost @ iter 786: 0.005047
Cost @ iter 787: 0.002263
Cost @ iter 788: 0.001930
Cost @ iter 789: 0.003089
Cost @ iter 790: 0.001465
Cost @ iter 791: 0.000875
Cost @ iter 792: 0.001522
Cost @ iter 793: 0.002362
Cost @ iter 794: 0.001484
Cost @ iter 795: 0.002498
Cost @ iter 796: 0.003056
Cost @ iter 797: 0.001544
Cost @ iter 798: 0.001231
Cost @ iter 799: 0.003016
training @ iter =  800
Cost @ iter 800: 0.002525
Cost @ iter 801: 0.001016
Cost @ iter 802: 0.001860
Cost @ iter 803: 0.001986
Cost @ iter 804: 0.000596
Cost @ iter 805: 0.001166
Cost @ iter 806: 0.003802
Cost @ iter 807: 0.002267
Cost @ iter 808: 0.003944
Cost @ iter 809: 0.002414
Cost @ iter 810: 0.003075
Cost @ iter 811: 0.002461
Cost @ iter 812: 0.001516
Cost @ iter 813: 0.001574
Cost @ iter 814: 0.001393
Cost @ iter 815: 0.002607
Cost @ iter 816: 0.002658
Cost @ iter 817: 0.001326
Cost @ iter 818: 0.001587
Cost @ iter 819: 0.001036
Cost @ iter 820: 0.002291
Cost @ iter 821: 0.001736
Cost @ iter 822: 0.002742
Cost @ iter 823: 0.000978
Cost @ iter 824: 0.002067
Cost @ iter 825: 0.002636
Cost @ iter 826: 0.000911
Cost @ iter 827: 0.001051
Cost @ iter 828: 0.001040
Cost @ iter 829: 0.001209
Cost @ iter 830: 0.006172
Cost @ iter 831: 0.001623
epoch 13, minibatch 64/64, validation error 1.371429 %
13
Cost @ iter 832: 0.011283
Cost @ iter 833: 0.002098
Cost @ iter 834: 0.001309
Cost @ iter 835: 0.007911
Cost @ iter 836: 0.002933
Cost @ iter 837: 0.001658
Cost @ iter 838: 0.006651
Cost @ iter 839: 0.001122
Cost @ iter 840: 0.009398
Cost @ iter 841: 0.004064
Cost @ iter 842: 0.003323
Cost @ iter 843: 0.014288
Cost @ iter 844: 0.000917
Cost @ iter 845: 0.009782
Cost @ iter 846: 0.007359
Cost @ iter 847: 0.002016
Cost @ iter 848: 0.002003
Cost @ iter 849: 0.008211
Cost @ iter 850: 0.001575
Cost @ iter 851: 0.003460
Cost @ iter 852: 0.004992
Cost @ iter 853: 0.003188
Cost @ iter 854: 0.001065
Cost @ iter 855: 0.002177
Cost @ iter 856: 0.001701
Cost @ iter 857: 0.001770
Cost @ iter 858: 0.001302
Cost @ iter 859: 0.002614
Cost @ iter 860: 0.000946
Cost @ iter 861: 0.000964
Cost @ iter 862: 0.002054
Cost @ iter 863: 0.002752
Cost @ iter 864: 0.001300
Cost @ iter 865: 0.001062
Cost @ iter 866: 0.002162
Cost @ iter 867: 0.000761
Cost @ iter 868: 0.000745
Cost @ iter 869: 0.000824
Cost @ iter 870: 0.001293
Cost @ iter 871: 0.000950
Cost @ iter 872: 0.001050
Cost @ iter 873: 0.000917
Cost @ iter 874: 0.000573
Cost @ iter 875: 0.001216
Cost @ iter 876: 0.001750
Cost @ iter 877: 0.000422
Cost @ iter 878: 0.000746
Cost @ iter 879: 0.001088
Cost @ iter 880: 0.000610
Cost @ iter 881: 0.000544
Cost @ iter 882: 0.000572
Cost @ iter 883: 0.000493
Cost @ iter 884: 0.000716
Cost @ iter 885: 0.000500
Cost @ iter 886: 0.000631
Cost @ iter 887: 0.000580
Cost @ iter 888: 0.001762
Cost @ iter 889: 0.001310
Cost @ iter 890: 0.002902
Cost @ iter 891: 0.000561
Cost @ iter 892: 0.000490
Cost @ iter 893: 0.002052
Cost @ iter 894: 0.000698
Cost @ iter 895: 0.002271
epoch 14, minibatch 64/64, validation error 0.676190 %
     epoch 14, minibatch 64/64, test error of best model 0.600000 %
14
Cost @ iter 896: 0.001795
Cost @ iter 897: 0.003741
Cost @ iter 898: 0.000948
Cost @ iter 899: 0.001835
training @ iter =  900
Cost @ iter 900: 0.001257
Cost @ iter 901: 0.000701
Cost @ iter 902: 0.000911
Cost @ iter 903: 0.000976
Cost @ iter 904: 0.000968
Cost @ iter 905: 0.000769
Cost @ iter 906: 0.000491
Cost @ iter 907: 0.000830
Cost @ iter 908: 0.001087
Cost @ iter 909: 0.001621
Cost @ iter 910: 0.000434
Cost @ iter 911: 0.001526
Cost @ iter 912: 0.000500
Cost @ iter 913: 0.000515
Cost @ iter 914: 0.000979
Cost @ iter 915: 0.000547
Cost @ iter 916: 0.000347
Cost @ iter 917: 0.000929
Cost @ iter 918: 0.000532
Cost @ iter 919: 0.000542
Cost @ iter 920: 0.000543
Cost @ iter 921: 0.000611
Cost @ iter 922: 0.000728
Cost @ iter 923: 0.000524
Cost @ iter 924: 0.000424
Cost @ iter 925: 0.000556
Cost @ iter 926: 0.000336
Cost @ iter 927: 0.000475
Cost @ iter 928: 0.001144
Cost @ iter 929: 0.000331
Cost @ iter 930: 0.000440
Cost @ iter 931: 0.000435
Cost @ iter 932: 0.000244
Cost @ iter 933: 0.000484
Cost @ iter 934: 0.000782
Cost @ iter 935: 0.000404
Cost @ iter 936: 0.000381
Cost @ iter 937: 0.000778
Cost @ iter 938: 0.000319
Cost @ iter 939: 0.000472
Cost @ iter 940: 0.000520
Cost @ iter 941: 0.000276
Cost @ iter 942: 0.000430
Cost @ iter 943: 0.000539
Cost @ iter 944: 0.000429
Cost @ iter 945: 0.000292
Cost @ iter 946: 0.000413
Cost @ iter 947: 0.000204
Cost @ iter 948: 0.000273
Cost @ iter 949: 0.000279
Cost @ iter 950: 0.000359
Cost @ iter 951: 0.000235
Cost @ iter 952: 0.000444
Cost @ iter 953: 0.000705
Cost @ iter 954: 0.001113
Cost @ iter 955: 0.000335
Cost @ iter 956: 0.000367
Cost @ iter 957: 0.001024
Cost @ iter 958: 0.000214
Cost @ iter 959: 0.000270
epoch 15, minibatch 64/64, validation error 0.723810 %
15
Cost @ iter 960: 0.000881
Cost @ iter 961: 0.000322
Cost @ iter 962: 0.000319
Cost @ iter 963: 0.000564
Cost @ iter 964: 0.000443
Cost @ iter 965: 0.000253
Cost @ iter 966: 0.000504
Cost @ iter 967: 0.000466
Cost @ iter 968: 0.000421
Cost @ iter 969: 0.000318
Cost @ iter 970: 0.000289
Cost @ iter 971: 0.000439
Cost @ iter 972: 0.000290
Cost @ iter 973: 0.000543
Cost @ iter 974: 0.000298
Cost @ iter 975: 0.000365
Cost @ iter 976: 0.000303
Cost @ iter 977: 0.000331
Cost @ iter 978: 0.000951
Cost @ iter 979: 0.000338
Cost @ iter 980: 0.000545
Cost @ iter 981: 0.000655
Cost @ iter 982: 0.000118
Cost @ iter 983: 0.000188
Cost @ iter 984: 0.000639
Cost @ iter 985: 0.000350
Cost @ iter 986: 0.001870
Cost @ iter 987: 0.000396
Cost @ iter 988: 0.000625
Cost @ iter 989: 0.000391
Cost @ iter 990: 0.000288
Cost @ iter 991: 0.000341
Cost @ iter 992: 0.000484
Cost @ iter 993: 0.000157
Cost @ iter 994: 0.000250
Cost @ iter 995: 0.000511
Cost @ iter 996: 0.000463
Cost @ iter 997: 0.000277
Cost @ iter 998: 0.000283
Cost @ iter 999: 0.000366
training @ iter =  1000
Cost @ iter 1000: 0.000532
Cost @ iter 1001: 0.000850
Cost @ iter 1002: 0.000259
Cost @ iter 1003: 0.000782
Cost @ iter 1004: 0.000429
Cost @ iter 1005: 0.000212
Cost @ iter 1006: 0.000600
Cost @ iter 1007: 0.000546
Cost @ iter 1008: 0.000188
Cost @ iter 1009: 0.000180
Cost @ iter 1010: 0.000274
Cost @ iter 1011: 0.000170
Cost @ iter 1012: 0.000344
Cost @ iter 1013: 0.000173
Cost @ iter 1014: 0.000269
Cost @ iter 1015: 0.000150
Cost @ iter 1016: 0.000252
Cost @ iter 1017: 0.000441
Cost @ iter 1018: 0.000303
Cost @ iter 1019: 0.000646
Cost @ iter 1020: 0.000170
Cost @ iter 1021: 0.000213
Cost @ iter 1022: 0.001081
Cost @ iter 1023: 0.000768
epoch 16, minibatch 64/64, validation error 0.876190 %
16
Cost @ iter 1024: 0.000870
Cost @ iter 1025: 0.000754
Cost @ iter 1026: 0.000423
Cost @ iter 1027: 0.000618
Cost @ iter 1028: 0.000317
Cost @ iter 1029: 0.000365
Cost @ iter 1030: 0.000296
Cost @ iter 1031: 0.000370
Cost @ iter 1032: 0.000455
Cost @ iter 1033: 0.000484
Cost @ iter 1034: 0.000139
Cost @ iter 1035: 0.000382
Cost @ iter 1036: 0.000507
Cost @ iter 1037: 0.000222
Cost @ iter 1038: 0.000150
Cost @ iter 1039: 0.000307
Cost @ iter 1040: 0.000350
Cost @ iter 1041: 0.000221
Cost @ iter 1042: 0.000206
Cost @ iter 1043: 0.000992
Cost @ iter 1044: 0.000296
Cost @ iter 1045: 0.002040
Cost @ iter 1046: 0.000232
Cost @ iter 1047: 0.000785
Cost @ iter 1048: 0.000373
Cost @ iter 1049: 0.000308
Cost @ iter 1050: 0.000276
Cost @ iter 1051: 0.002489
Cost @ iter 1052: 0.001908
Cost @ iter 1053: 0.000314
Cost @ iter 1054: 0.000358
Cost @ iter 1055: 0.001044
Cost @ iter 1056: 0.000547
Cost @ iter 1057: 0.000127
Cost @ iter 1058: 0.000367
Cost @ iter 1059: 0.000575
Cost @ iter 1060: 0.000505
Cost @ iter 1061: 0.000462
Cost @ iter 1062: 0.000291
Cost @ iter 1063: 0.000338
Cost @ iter 1064: 0.000653
Cost @ iter 1065: 0.000189
Cost @ iter 1066: 0.000961
Cost @ iter 1067: 0.000163
Cost @ iter 1068: 0.000428
Cost @ iter 1069: 0.000198
Cost @ iter 1070: 0.000157
Cost @ iter 1071: 0.000398
Cost @ iter 1072: 0.000627
Cost @ iter 1073: 0.000216
Cost @ iter 1074: 0.000310
Cost @ iter 1075: 0.000180
Cost @ iter 1076: 0.000197
Cost @ iter 1077: 0.000394
Cost @ iter 1078: 0.000149
Cost @ iter 1079: 0.000116
Cost @ iter 1080: 0.000563
Cost @ iter 1081: 0.000302
Cost @ iter 1082: 0.000187
Cost @ iter 1083: 0.001028
Cost @ iter 1084: 0.000268
Cost @ iter 1085: 0.000230
Cost @ iter 1086: 0.000164
Cost @ iter 1087: 0.010074
epoch 17, minibatch 64/64, validation error 0.761905 %
17
Cost @ iter 1088: 0.000943
Cost @ iter 1089: 0.003124
Cost @ iter 1090: 0.008194
Cost @ iter 1091: 0.000357
Cost @ iter 1092: 0.000724
Cost @ iter 1093: 0.003588
Cost @ iter 1094: 0.001141
Cost @ iter 1095: 0.002605
Cost @ iter 1096: 0.000955
Cost @ iter 1097: 0.000563
Cost @ iter 1098: 0.005287
Cost @ iter 1099: 0.003655
training @ iter =  1100
Cost @ iter 1100: 0.000301
Cost @ iter 1101: 0.003015
Cost @ iter 1102: 0.000816
Cost @ iter 1103: 0.001873
Cost @ iter 1104: 0.000942
Cost @ iter 1105: 0.002669
Cost @ iter 1106: 0.000875
Cost @ iter 1107: 0.000378
Cost @ iter 1108: 0.000157
Cost @ iter 1109: 0.000341
Cost @ iter 1110: 0.000268
Cost @ iter 1111: 0.000250
Cost @ iter 1112: 0.000851
Cost @ iter 1113: 0.000493
Cost @ iter 1114: 0.000555
Cost @ iter 1115: 0.000325
Cost @ iter 1116: 0.000444
Cost @ iter 1117: 0.000311
Cost @ iter 1118: 0.000700
Cost @ iter 1119: 0.000438
Cost @ iter 1120: 0.000277
Cost @ iter 1121: 0.000300
Cost @ iter 1122: 0.000376
Cost @ iter 1123: 0.000735
Cost @ iter 1124: 0.000134
Cost @ iter 1125: 0.000184
Cost @ iter 1126: 0.000299
Cost @ iter 1127: 0.000549
Cost @ iter 1128: 0.000191
Cost @ iter 1129: 0.000504
Cost @ iter 1130: 0.000121
Cost @ iter 1131: 0.000266
Cost @ iter 1132: 0.000530
Cost @ iter 1133: 0.000093
Cost @ iter 1134: 0.000174
Cost @ iter 1135: 0.000228
Cost @ iter 1136: 0.000181
Cost @ iter 1137: 0.000173
Cost @ iter 1138: 0.000143
Cost @ iter 1139: 0.000213
Cost @ iter 1140: 0.000247
Cost @ iter 1141: 0.000141
Cost @ iter 1142: 0.000202
Cost @ iter 1143: 0.000200
Cost @ iter 1144: 0.000179
Cost @ iter 1145: 0.000265
Cost @ iter 1146: 0.000202
Cost @ iter 1147: 0.000122
Cost @ iter 1148: 0.000647
Cost @ iter 1149: 0.000435
Cost @ iter 1150: 0.000049
Cost @ iter 1151: 0.000477
epoch 18, minibatch 64/64, validation error 1.266667 %
18
Cost @ iter 1152: 0.003258
Cost @ iter 1153: 0.000245
Cost @ iter 1154: 0.003906
Cost @ iter 1155: 0.004030
Cost @ iter 1156: 0.000562
Cost @ iter 1157: 0.000677
Cost @ iter 1158: 0.007299
Cost @ iter 1159: 0.007836
Cost @ iter 1160: 0.001382
Cost @ iter 1161: 0.010184
Cost @ iter 1162: 0.001873
Cost @ iter 1163: 0.004479
Cost @ iter 1164: 0.001120
Cost @ iter 1165: 0.002131
Cost @ iter 1166: 0.001561
Cost @ iter 1167: 0.001198
Cost @ iter 1168: 0.002087
Cost @ iter 1169: 0.000554
Cost @ iter 1170: 0.001295
Cost @ iter 1171: 0.001236
Cost @ iter 1172: 0.000408
Cost @ iter 1173: 0.001115
Cost @ iter 1174: 0.000267
Cost @ iter 1175: 0.000140
Cost @ iter 1176: 0.000233
Cost @ iter 1177: 0.000342
Cost @ iter 1178: 0.000284
Cost @ iter 1179: 0.000574
Cost @ iter 1180: 0.000889
Cost @ iter 1181: 0.000376
Cost @ iter 1182: 0.000260
Cost @ iter 1183: 0.000289
Cost @ iter 1184: 0.000660
Cost @ iter 1185: 0.000390
Cost @ iter 1186: 0.000389
Cost @ iter 1187: 0.000151
Cost @ iter 1188: 0.000109
Cost @ iter 1189: 0.000311
Cost @ iter 1190: 0.000197
Cost @ iter 1191: 0.000177
Cost @ iter 1192: 0.000142
Cost @ iter 1193: 0.000161
Cost @ iter 1194: 0.000222
Cost @ iter 1195: 0.000206
Cost @ iter 1196: 0.000464
Cost @ iter 1197: 0.000128
Cost @ iter 1198: 0.000119
Cost @ iter 1199: 0.000200
training @ iter =  1200
Cost @ iter 1200: 0.000104
Cost @ iter 1201: 0.000204
Cost @ iter 1202: 0.000080
Cost @ iter 1203: 0.000119
Cost @ iter 1204: 0.000099
Cost @ iter 1205: 0.000121
Cost @ iter 1206: 0.000145
Cost @ iter 1207: 0.000080
Cost @ iter 1208: 0.000140
Cost @ iter 1209: 0.000140
Cost @ iter 1210: 0.000081
Cost @ iter 1211: 0.000053
Cost @ iter 1212: 0.000204
Cost @ iter 1213: 0.000091
Cost @ iter 1214: 0.000074
Cost @ iter 1215: 0.000054
epoch 19, minibatch 64/64, validation error 0.885714 %
19
Cost @ iter 1216: 0.000199
Cost @ iter 1217: 0.000115
Cost @ iter 1218: 0.000061
Cost @ iter 1219: 0.000472
Cost @ iter 1220: 0.000101
Cost @ iter 1221: 0.000084
Cost @ iter 1222: 0.000218
Cost @ iter 1223: 0.000266
Cost @ iter 1224: 0.000939
Cost @ iter 1225: 0.000329
Cost @ iter 1226: 0.006261
Cost @ iter 1227: 0.000606
Cost @ iter 1228: 0.000237
Cost @ iter 1229: 0.002414
Cost @ iter 1230: 0.000954
Cost @ iter 1231: 0.001044
Cost @ iter 1232: 0.000274
Cost @ iter 1233: 0.003074
Cost @ iter 1234: 0.000431
Cost @ iter 1235: 0.000288
Cost @ iter 1236: 0.000469
Cost @ iter 1237: 0.000728
Cost @ iter 1238: 0.000157
Cost @ iter 1239: 0.001751
Cost @ iter 1240: 0.000535
Cost @ iter 1241: 0.001561
Cost @ iter 1242: 0.000238
Cost @ iter 1243: 0.000597
Cost @ iter 1244: 0.000215
Cost @ iter 1245: 0.000479
Cost @ iter 1246: 0.000156
Cost @ iter 1247: 0.000178
Cost @ iter 1248: 0.000183
Cost @ iter 1249: 0.000119
Cost @ iter 1250: 0.000264
Cost @ iter 1251: 0.000220
Cost @ iter 1252: 0.000146
Cost @ iter 1253: 0.000173
Cost @ iter 1254: 0.000180
Cost @ iter 1255: 0.000179
Cost @ iter 1256: 0.000130
Cost @ iter 1257: 0.000143
Cost @ iter 1258: 0.000139
Cost @ iter 1259: 0.000191
Cost @ iter 1260: 0.000160
Cost @ iter 1261: 0.000091
Cost @ iter 1262: 0.000156
Cost @ iter 1263: 0.000224
Cost @ iter 1264: 0.000085
Cost @ iter 1265: 0.000098
Cost @ iter 1266: 0.000091
Cost @ iter 1267: 0.000078
Cost @ iter 1268: 0.000059
Cost @ iter 1269: 0.000109
Cost @ iter 1270: 0.000119
Cost @ iter 1271: 0.000078
Cost @ iter 1272: 0.000098
Cost @ iter 1273: 0.000113
Cost @ iter 1274: 0.000079
Cost @ iter 1275: 0.000032
Cost @ iter 1276: 0.000102
Cost @ iter 1277: 0.000075
Cost @ iter 1278: 0.000071
Cost @ iter 1279: 0.000047
epoch 20, minibatch 64/64, validation error 0.800000 %
20
Cost @ iter 1280: 0.000041
Cost @ iter 1281: 0.000076
Cost @ iter 1282: 0.000047
Cost @ iter 1283: 0.000075
Cost @ iter 1284: 0.000120
Cost @ iter 1285: 0.000037
Cost @ iter 1286: 0.000059
Cost @ iter 1287: 0.000033
Cost @ iter 1288: 0.000092
Cost @ iter 1289: 0.000216
Cost @ iter 1290: 0.000041
Cost @ iter 1291: 0.000241
Cost @ iter 1292: 0.000305
Cost @ iter 1293: 0.000191
Cost @ iter 1294: 0.000575
Cost @ iter 1295: 0.000128
Cost @ iter 1296: 0.000145
Cost @ iter 1297: 0.000332
Cost @ iter 1298: 0.000206
Cost @ iter 1299: 0.000206
training @ iter =  1300
Cost @ iter 1300: 0.000084
Cost @ iter 1301: 0.000287
Cost @ iter 1302: 0.000125
Cost @ iter 1303: 0.000060
Cost @ iter 1304: 0.000159
Cost @ iter 1305: 0.000108
Cost @ iter 1306: 0.000079
Cost @ iter 1307: 0.000129
Cost @ iter 1308: 0.000043
Cost @ iter 1309: 0.000102
Cost @ iter 1310: 0.000142
Cost @ iter 1311: 0.000097
Cost @ iter 1312: 0.000154
Cost @ iter 1313: 0.000052
Cost @ iter 1314: 0.000066
Cost @ iter 1315: 0.000092
Cost @ iter 1316: 0.000052
Cost @ iter 1317: 0.000076
Cost @ iter 1318: 0.000098
Cost @ iter 1319: 0.000080
Cost @ iter 1320: 0.000047
Cost @ iter 1321: 0.000057
Cost @ iter 1322: 0.000059
Cost @ iter 1323: 0.000060
Cost @ iter 1324: 0.000079
Cost @ iter 1325: 0.000045
^CTraceback (most recent call last):
  File "ConvolutionalNN.py", line 319, in <module>
    evaluate_lenet5(0.01, momentum=0.7, dataset='../DataGeneration/dataset-2chl.pkl', data_getter=get_data_gen_datasets)
  File "ConvolutionalNN.py", line 271, in evaluate_lenet5
    cost_ij = train_model(minibatch_index)
  File "/Library/Python/2.7/site-packages/theano/compile/function_module.py", line 580, in __call__
    outputs = self.fn()
  File "/Library/Python/2.7/site-packages/theano/gof/op.py", line 605, in rval
    def rval(p=p, i=node_input_storage, o=node_output_storage, n=node):
KeyboardInterrupt