Loading data succeeded
Unpacked data
Patch size:  60
Learning rate: 0.05
Momentum: 0.9
... building the model
... training
0
training @ iter =  0
Cost @ iter 0: 0.693147
Cost @ iter 1: 0.453372
Cost @ iter 2: 0.360518
Cost @ iter 3: 0.310079
Cost @ iter 4: 0.253214
Cost @ iter 5: 0.232289
Cost @ iter 6: 0.203719
Cost @ iter 7: 0.179556
Cost @ iter 8: 0.289424
Cost @ iter 9: 0.325699
Cost @ iter 10: 0.186495
Cost @ iter 11: 0.263608
Cost @ iter 12: 0.315999
Cost @ iter 13: 0.199743
Cost @ iter 14: 0.179105
Cost @ iter 15: 0.226556
Cost @ iter 16: 0.205297